<?xml version="1.0" encoding="UTF-8"?>
<!-- Generated by org.testng.reporters.JUnitXMLReporter -->
<testsuite ignored="0" hostname="Amit" failures="0" tests="8" name="Surefire test" time="0.049" errors="0" timestamp="2021-04-24T14:26:09 IST">
  <testcase classname="QualityKiosksTraining.CalculatorAPI.TestMultiplication" name="@BeforeSuite CreateResultFolder" time="-1.619254569606E9">
    <failure type="org.testng.TestNGException" message="
Parameter &amp;apos;RequestID&amp;apos; is required by BeforeSuite on method CreateResultFolder but has not been marked @Optional or defined
">
      <![CDATA[org.testng.TestNGException: 
Parameter 'RequestID' is required by BeforeSuite on method CreateResultFolder but has not been marked @Optional or defined

... Removed 21 stack frames]]>
    </failure>
  </testcase> <!-- @BeforeSuite CreateResultFolder -->
  <testcase classname="QualityKiosksTraining.CalculatorAPI.TestDivisionFunctionality" name="@BeforeClass CreateObj" time="-1.619254569636E9">
    <skipped/>
  </testcase> <!-- @BeforeClass CreateObj -->
  <testcase classname="QualityKiosksTraining.CalculatorAPI.TestDivisionFunctionality" name="@BeforeMethod InitialiseRes" time="-1.61925456965E9">
    <skipped/>
  </testcase> <!-- @BeforeMethod InitialiseRes -->
  <testcase classname="QualityKiosksTraining.CalculatorAPI.TestDivisionFunctionality" name="@BeforeMethod InitialiseRes" time="-1.619254569654E9">
    <skipped/>
  </testcase> <!-- @BeforeMethod InitialiseRes -->
  <testcase classname="QualityKiosksTraining.CalculatorAPI.TestDivisionFunctionality" name="@AfterClass ReleaseObj" time="-1.619254569655E9">
    <skipped/>
  </testcase> <!-- @AfterClass ReleaseObj -->
  <testcase classname="QualityKiosksTraining.CalculatorAPI.TestMultiplication" name="@BeforeClass Init" time="-1.619254569655E9">
    <skipped/>
  </testcase> <!-- @BeforeClass Init -->
  <testcase classname="QualityKiosksTraining.CalculatorAPI.TestMultiplication" name="@BeforeMethod ReinitializingResult" time="-1.619254569661E9">
    <skipped/>
  </testcase> <!-- @BeforeMethod ReinitializingResult -->
  <testcase classname="QualityKiosksTraining.CalculatorAPI.TestMultiplication" name="@BeforeMethod ReinitializingResult" time="-1.619254569662E9">
    <skipped/>
  </testcase> <!-- @BeforeMethod ReinitializingResult -->
  <testcase classname="QualityKiosksTraining.CalculatorAPI.TestMultiplication" name="@BeforeMethod ReinitializingResult" time="-1.619254569663E9">
    <skipped/>
  </testcase> <!-- @BeforeMethod ReinitializingResult -->
  <testcase classname="QualityKiosksTraining.CalculatorAPI.TestMultiplication" name="@BeforeMethod ReinitializingResult" time="-1.619254569663E9">
    <skipped/>
  </testcase> <!-- @BeforeMethod ReinitializingResult -->
  <testcase classname="QualityKiosksTraining.CalculatorAPI.TestSubtraction" name="@BeforeClass Init" time="-1.619254569664E9">
    <skipped/>
  </testcase> <!-- @BeforeClass Init -->
  <testcase classname="QualityKiosksTraining.CalculatorAPI.TestSubtraction" name="@BeforeMethod ReInitialise" time="-1.619254569664E9">
    <skipped/>
  </testcase> <!-- @BeforeMethod ReInitialise -->
  <testcase classname="QualityKiosksTraining.CalculatorAPI.TestSubtraction" name="@BeforeMethod ReInitialise" time="-1.619254569665E9">
    <skipped/>
  </testcase> <!-- @BeforeMethod ReInitialise -->
  <testcase classname="QualityKiosksTraining.CalculatorAPI.TestSubtraction" name="@AfterClass Teardown" time="-1.619254569665E9">
    <skipped/>
  </testcase> <!-- @AfterClass Teardown -->
  <testcase classname="QualityKiosksTraining.CalculatorAPI.TestDivisionFunctionality" name="TestdivisionWithPositive" time="0.0">
    <skipped/>
  </testcase> <!-- TestdivisionWithPositive -->
  <testcase classname="QualityKiosksTraining.CalculatorAPI.TestDivisionFunctionality" name="TestdivisionWithNegative" time="0.0">
    <skipped/>
  </testcase> <!-- TestdivisionWithNegative -->
  <testcase classname="QualityKiosksTraining.CalculatorAPI.TestMultiplication" name="TestMultiplicationWithPositiveNumbers" time="0.0">
    <skipped/>
  </testcase> <!-- TestMultiplicationWithPositiveNumbers -->
  <testcase classname="QualityKiosksTraining.CalculatorAPI.TestMultiplication" name="TestMultiplicationWithPositiveNumbers" time="0.0">
    <skipped/>
  </testcase> <!-- TestMultiplicationWithPositiveNumbers -->
  <testcase classname="QualityKiosksTraining.CalculatorAPI.TestMultiplication" name="TestMultiplicationWithPositiveNumbers" time="0.0">
    <skipped/>
  </testcase> <!-- TestMultiplicationWithPositiveNumbers -->
  <testcase classname="QualityKiosksTraining.CalculatorAPI.TestMultiplication" name="TestMultiplicationWithPositiveNumbers" time="0.0">
    <skipped/>
  </testcase> <!-- TestMultiplicationWithPositiveNumbers -->
  <testcase classname="QualityKiosksTraining.CalculatorAPI.TestSubtraction" name="TestSubtractionWithPositiveNumbers" time="0.0">
    <skipped/>
  </testcase> <!-- TestSubtractionWithPositiveNumbers -->
  <testcase classname="QualityKiosksTraining.CalculatorAPI.TestSubtraction" name="TestSubtractionWith1Positive1NegativeNumbers" time="0.0">
    <skipped/>
  </testcase> <!-- TestSubtractionWith1Positive1NegativeNumbers -->
</testsuite> <!-- Surefire test -->
