<?xml version="1.0" encoding="UTF-8"?>
<!-- Generated by org.testng.reporters.JUnitXMLReporter -->
<testsuite ignored="0" hostname="Amit" failures="0" tests="3" name="AdditionTestCases" time="0.116" errors="0" timestamp="2021-04-20T09:39:23 IST">
  <testcase classname="QualityKiosksTraining.CalculatorAPI.AdditionTestCases" name="@BeforeClass Init" time="-1.618891763207E9">
    <skipped/>
  </testcase> <!-- @BeforeClass Init -->
  <testcase classname="QualityKiosksTraining.CalculatorAPI.AdditionTestCases" name="@BeforeMethod ReinitialiseResultVar" time="-1.618891763242E9">
    <skipped/>
  </testcase> <!-- @BeforeMethod ReinitialiseResultVar -->
  <testcase classname="QualityKiosksTraining.CalculatorAPI.AdditionTestCases" name="@BeforeMethod ReinitialiseResultVar" time="-1.618891763261E9">
    <skipped/>
  </testcase> <!-- @BeforeMethod ReinitialiseResultVar -->
  <testcase classname="QualityKiosksTraining.CalculatorAPI.AdditionTestCases" name="@BeforeMethod ReinitialiseResultVar" time="-1.618891763271E9">
    <skipped/>
  </testcase> <!-- @BeforeMethod ReinitialiseResultVar -->
  <testcase classname="QualityKiosksTraining.CalculatorAPI.AdditionTestCases" name="@AfterClass Teardown" time="-1.618891763279E9">
    <skipped/>
  </testcase> <!-- @AfterClass Teardown -->
  <testcase classname="QualityKiosksTraining.CalculatorAPI.AdditionTestCases" name="TestAdditionWithPositiveNumbers" time="0.0">
    <skipped/>
  </testcase> <!-- TestAdditionWithPositiveNumbers -->
  <testcase classname="QualityKiosksTraining.CalculatorAPI.AdditionTestCases" name="TestAdditionWithOnePositiveOneNegative" time="0.0">
    <skipped/>
  </testcase> <!-- TestAdditionWithOnePositiveOneNegative -->
  <testcase classname="QualityKiosksTraining.CalculatorAPI.AdditionTestCases" name="TestAdditionWithZeroNumbers" time="0.0">
    <skipped/>
  </testcase> <!-- TestAdditionWithZeroNumbers -->
</testsuite> <!-- AdditionTestCases -->
