<?xml version="1.0" encoding="UTF-8"?>
<!-- Generated by org.testng.reporters.JUnitXMLReporter -->
<testsuite ignored="0" hostname="Amit" failures="0" tests="4" name="MultiplicationTestCases" time="0.048" errors="0" timestamp="2021-04-20T09:39:23 IST">
  <testcase classname="QualityKiosksTraining.CalculatorAPI.TestMultiplication" name="@BeforeSuite CreateResultFolder" time="-1.618891763134E9">
    <failure type="org.testng.TestNGException" message="
Parameter &amp;apos;RequestID&amp;apos; is required by BeforeSuite on method CreateResultFolder but has not been marked @Optional or defined
in C:\Users\Amit\eclipse-workspace\CalculatorAPI\CalculatorAPI.xml">
      <![CDATA[org.testng.TestNGException: 
Parameter 'RequestID' is required by BeforeSuite on method CreateResultFolder but has not been marked @Optional or defined
in C:\Users\Amit\eclipse-workspace\CalculatorAPI\CalculatorAPI.xml
... Removed 16 stack frames]]>
    </failure>
  </testcase> <!-- @BeforeSuite CreateResultFolder -->
  <testcase classname="QualityKiosksTraining.CalculatorAPI.TestMultiplication" name="@BeforeClass Init" time="-1.618891763464E9">
    <skipped/>
  </testcase> <!-- @BeforeClass Init -->
  <testcase classname="QualityKiosksTraining.CalculatorAPI.TestMultiplication" name="@BeforeMethod ReinitializingResult" time="-1.61889176348E9">
    <skipped/>
  </testcase> <!-- @BeforeMethod ReinitializingResult -->
  <testcase classname="QualityKiosksTraining.CalculatorAPI.TestMultiplication" name="@BeforeMethod ReinitializingResult" time="-1.618891763487E9">
    <skipped/>
  </testcase> <!-- @BeforeMethod ReinitializingResult -->
  <testcase classname="QualityKiosksTraining.CalculatorAPI.TestMultiplication" name="@BeforeMethod ReinitializingResult" time="-1.618891763493E9">
    <skipped/>
  </testcase> <!-- @BeforeMethod ReinitializingResult -->
  <testcase classname="QualityKiosksTraining.CalculatorAPI.TestMultiplication" name="@BeforeMethod ReinitializingResult" time="-1.618891763499E9">
    <skipped/>
  </testcase> <!-- @BeforeMethod ReinitializingResult -->
  <testcase classname="QualityKiosksTraining.CalculatorAPI.TestMultiplication" name="TestMultiplicationWithPositiveNumbers" time="0.0">
    <skipped/>
  </testcase> <!-- TestMultiplicationWithPositiveNumbers -->
  <testcase classname="QualityKiosksTraining.CalculatorAPI.TestMultiplication" name="TestMultiplicationWithPositiveNumbers" time="0.0">
    <skipped/>
  </testcase> <!-- TestMultiplicationWithPositiveNumbers -->
  <testcase classname="QualityKiosksTraining.CalculatorAPI.TestMultiplication" name="TestMultiplicationWithPositiveNumbers" time="0.0">
    <skipped/>
  </testcase> <!-- TestMultiplicationWithPositiveNumbers -->
  <testcase classname="QualityKiosksTraining.CalculatorAPI.TestMultiplication" name="TestMultiplicationWithPositiveNumbers" time="0.0">
    <skipped/>
  </testcase> <!-- TestMultiplicationWithPositiveNumbers -->
</testsuite> <!-- MultiplicationTestCases -->
