<?xml version="1.0" encoding="UTF-8"?>
<!-- Generated by org.testng.reporters.JUnitXMLReporter -->
<testsuite ignored="0" hostname="Amit" failures="0" tests="2" name="SubtractionTestCases" time="0.031" errors="0" timestamp="2021-04-20T09:39:23 IST">
  <testcase classname="QualityKiosksTraining.CalculatorAPI.TestSubtraction" name="@BeforeClass Init" time="-1.618891763411E9">
    <skipped/>
  </testcase> <!-- @BeforeClass Init -->
  <testcase classname="QualityKiosksTraining.CalculatorAPI.TestSubtraction" name="@BeforeMethod ReInitialise" time="-1.618891763417E9">
    <skipped/>
  </testcase> <!-- @BeforeMethod ReInitialise -->
  <testcase classname="QualityKiosksTraining.CalculatorAPI.TestSubtraction" name="@BeforeMethod ReInitialise" time="-1.618891763427E9">
    <skipped/>
  </testcase> <!-- @BeforeMethod ReInitialise -->
  <testcase classname="QualityKiosksTraining.CalculatorAPI.TestSubtraction" name="@AfterClass Teardown" time="-1.618891763434E9">
    <skipped/>
  </testcase> <!-- @AfterClass Teardown -->
  <testcase classname="QualityKiosksTraining.CalculatorAPI.TestSubtraction" name="TestSubtractionWithPositiveNumbers" time="0.0">
    <skipped/>
  </testcase> <!-- TestSubtractionWithPositiveNumbers -->
  <testcase classname="QualityKiosksTraining.CalculatorAPI.TestSubtraction" name="TestSubtractionWith1Positive1NegativeNumbers" time="0.0">
    <skipped/>
  </testcase> <!-- TestSubtractionWith1Positive1NegativeNumbers -->
</testsuite> <!-- SubtractionTestCases -->
