<?xml version="1.0" encoding="UTF-8"?>
<testsuite xmlns:xsi="http://www.w3.org/2001/XMLSchema-instance" xsi:noNamespaceSchemaLocation="https://maven.apache.org/surefire/maven-surefire-plugin/xsd/surefire-test-report.xsd" name="TestSuite" time="0.728" tests="23" errors="0" skipped="22" failures="1">
  <properties>
[...]
</properties>
  <testcase name="CreateResultFolder" classname="QualityKiosksTraining.CalculatorAPI.TestMultiplication" time="0.417">
    <failure message="&#10;Parameter &apos;RequestID&apos; is required by BeforeSuite on method CreateResultFolder but has not been marked @Optional or defined&#10;" type="org.testng.TestNGException">org.testng.TestNGException: 

Parameter 'RequestID' is required by BeforeSuite on method CreateResultFolder but has not been marked @Optional or defined

</failure>
  </testcase>
  <testcase name="CreateObj" classname="QualityKiosksTraining.CalculatorAPI.TestDivisionFunctionality" time="0">
    <skipped/>
  </testcase>
  <testcase name="InitialiseRes" classname="QualityKiosksTraining.CalculatorAPI.TestDivisionFunctionality" time="0">
    <skipped/>
  </testcase>
  <testcase name="InitialiseRes" classname="QualityKiosksTraining.CalculatorAPI.TestDivisionFunctionality" time="0">
    <skipped/>
  </testcase>
  <testcase name="TestdivisionWithPositive" classname="QualityKiosksTraining.CalculatorAPI.TestDivisionFunctionality" time="0">
    <skipped message="&#10;Parameter &apos;RequestID&apos; is required by BeforeSuite on method CreateResultFolder but has not been marked @Optional or defined&#10;"/>
  </testcase>
  <testcase name="TestdivisionWithNegative" classname="QualityKiosksTraining.CalculatorAPI.TestDivisionFunctionality" time="0">
    <skipped message="&#10;Parameter &apos;RequestID&apos; is required by BeforeSuite on method CreateResultFolder but has not been marked @Optional or defined&#10;"/>
  </testcase>
  <testcase name="ReleaseObj" classname="QualityKiosksTraining.CalculatorAPI.TestDivisionFunctionality" time="0">
    <skipped/>
  </testcase>
  <testcase name="Init" classname="QualityKiosksTraining.CalculatorAPI.TestMultiplication" time="0">
    <skipped/>
  </testcase>
  <testcase name="ReinitializingResult" classname="QualityKiosksTraining.CalculatorAPI.TestMultiplication" time="0">
    <skipped/>
  </testcase>
  <testcase name="ReinitializingResult" classname="QualityKiosksTraining.CalculatorAPI.TestMultiplication" time="0">
    <skipped/>
  </testcase>
  <testcase name="ReinitializingResult" classname="QualityKiosksTraining.CalculatorAPI.TestMultiplication" time="0">
    <skipped/>
  </testcase>
  <testcase name="ReinitializingResult" classname="QualityKiosksTraining.CalculatorAPI.TestMultiplication" time="0">
    <skipped/>
  </testcase>
  <testcase name="TestMultiplicationWithPositiveNumbers" classname="QualityKiosksTraining.CalculatorAPI.TestMultiplication" time="0">
    <skipped message="&#10;Parameter &apos;RequestID&apos; is required by BeforeSuite on method CreateResultFolder but has not been marked @Optional or defined&#10;"/>
  </testcase>
  <testcase name="TestMultiplicationWithPositiveNumbers" classname="QualityKiosksTraining.CalculatorAPI.TestMultiplication" time="0">
    <skipped message="&#10;Parameter &apos;RequestID&apos; is required by BeforeSuite on method CreateResultFolder but has not been marked @Optional or defined&#10;"/>
  </testcase>
  <testcase name="TestMultiplicationWithPositiveNumbers" classname="QualityKiosksTraining.CalculatorAPI.TestMultiplication" time="0">
    <skipped message="&#10;Parameter &apos;RequestID&apos; is required by BeforeSuite on method CreateResultFolder but has not been marked @Optional or defined&#10;"/>
  </testcase>
  <testcase name="TestMultiplicationWithPositiveNumbers" classname="QualityKiosksTraining.CalculatorAPI.TestMultiplication" time="0">
    <skipped message="&#10;Parameter &apos;RequestID&apos; is required by BeforeSuite on method CreateResultFolder but has not been marked @Optional or defined&#10;"/>
  </testcase>
  <testcase name="Init" classname="QualityKiosksTraining.CalculatorAPI.TestSubtraction" time="0">
    <skipped/>
  </testcase>
  <testcase name="ReInitialise" classname="QualityKiosksTraining.CalculatorAPI.TestSubtraction" time="0">
    <skipped/>
  </testcase>
  <testcase name="ReInitialise" classname="QualityKiosksTraining.CalculatorAPI.TestSubtraction" time="0">
    <skipped/>
  </testcase>
  <testcase name="TestSubtractionWithPositiveNumbers" classname="QualityKiosksTraining.CalculatorAPI.TestSubtraction" time="0">
    <skipped message="&#10;Parameter &apos;RequestID&apos; is required by BeforeSuite on method CreateResultFolder but has not been marked @Optional or defined&#10;"/>
  </testcase>
  <testcase name="TestSubtractionWith1Positive1NegativeNumbers" classname="QualityKiosksTraining.CalculatorAPI.TestSubtraction" time="0">
    <skipped message="&#10;Parameter &apos;RequestID&apos; is required by BeforeSuite on method CreateResultFolder but has not been marked @Optional or defined&#10;"/>
  </testcase>
  <testcase name="Teardown" classname="QualityKiosksTraining.CalculatorAPI.TestSubtraction" time="0">
    <skipped/>
  </testcase>
  <testcase name="CopyResultFile" classname="QualityKiosksTraining.CalculatorAPI.TestMultiplication" time="0">
    <skipped/>
  </testcase>
</testsuite>