<?xml version="1.0" encoding="UTF-8"?>
<testng-results ignored="0" total="3" passed="3" failed="0" skipped="0">
  <reporter-output>
  </reporter-output>
  <suite started-at="2021-04-28T11:07:30 IST" name="Default suite" finished-at="2021-04-28T11:07:30 IST" duration-ms="89">
    <groups>
      <group name="RegressionTest">
        <method signature="AdditionTestCases.TestAdditionWithOnePositiveOneNegative()[pri:2, instance:QualityKiosksTraining.CalculatorAPI.AdditionTestCases@f381794]" name="TestAdditionWithOnePositiveOneNegative" class="QualityKiosksTraining.CalculatorAPI.AdditionTestCases"/>
      </group> <!-- RegressionTest -->
    </groups>
    <test started-at="2021-04-28T11:07:30 IST" name="Default test" finished-at="2021-04-28T11:07:30 IST" duration-ms="89">
      <class name="QualityKiosksTraining.CalculatorAPI.AdditionTestCases">
        <test-method is-config="true" signature="Init()[pri:0, instance:QualityKiosksTraining.CalculatorAPI.AdditionTestCases@f381794]" started-at="2021-04-28T11:07:30 IST" name="Init" finished-at="2021-04-28T11:07:30 IST" duration-ms="13" status="PASS">
          <reporter-output>
          </reporter-output>
        </test-method> <!-- Init -->
        <test-method is-config="true" signature="ReinitialiseResultVar()[pri:0, instance:QualityKiosksTraining.CalculatorAPI.AdditionTestCases@f381794]" started-at="2021-04-28T11:07:30 IST" name="ReinitialiseResultVar" finished-at="2021-04-28T11:07:30 IST" duration-ms="0" status="PASS">
          <reporter-output>
          </reporter-output>
        </test-method> <!-- ReinitialiseResultVar -->
        <test-method signature="TestAdditionWithPositiveNumbers()[pri:1, instance:QualityKiosksTraining.CalculatorAPI.AdditionTestCases@f381794]" started-at="2021-04-28T11:07:30 IST" name="TestAdditionWithPositiveNumbers" finished-at="2021-04-28T11:07:30 IST" duration-ms="10" status="PASS">
          <reporter-output>
          </reporter-output>
        </test-method> <!-- TestAdditionWithPositiveNumbers -->
        <test-method is-config="true" signature="ReinitialiseResultVar()[pri:0, instance:QualityKiosksTraining.CalculatorAPI.AdditionTestCases@f381794]" started-at="2021-04-28T11:07:30 IST" name="ReinitialiseResultVar" finished-at="2021-04-28T11:07:30 IST" duration-ms="0" status="PASS">
          <reporter-output>
          </reporter-output>
        </test-method> <!-- ReinitialiseResultVar -->
        <test-method signature="TestAdditionWithOnePositiveOneNegative()[pri:2, instance:QualityKiosksTraining.CalculatorAPI.AdditionTestCases@f381794]" started-at="2021-04-28T11:07:30 IST" name="TestAdditionWithOnePositiveOneNegative" finished-at="2021-04-28T11:07:30 IST" duration-ms="1" status="PASS">
          <reporter-output>
          </reporter-output>
        </test-method> <!-- TestAdditionWithOnePositiveOneNegative -->
        <test-method is-config="true" signature="ReinitialiseResultVar()[pri:0, instance:QualityKiosksTraining.CalculatorAPI.AdditionTestCases@f381794]" started-at="2021-04-28T11:07:30 IST" name="ReinitialiseResultVar" finished-at="2021-04-28T11:07:30 IST" duration-ms="0" status="PASS">
          <reporter-output>
          </reporter-output>
        </test-method> <!-- ReinitialiseResultVar -->
        <test-method signature="TestAdditionWithZeroNumbers()[pri:3, instance:QualityKiosksTraining.CalculatorAPI.AdditionTestCases@f381794]" started-at="2021-04-28T11:07:30 IST" name="TestAdditionWithZeroNumbers" finished-at="2021-04-28T11:07:30 IST" duration-ms="2" status="PASS">
          <reporter-output>
          </reporter-output>
        </test-method> <!-- TestAdditionWithZeroNumbers -->
        <test-method is-config="true" signature="Teardown()[pri:0, instance:QualityKiosksTraining.CalculatorAPI.AdditionTestCases@f381794]" started-at="2021-04-28T11:07:30 IST" name="Teardown" finished-at="2021-04-28T11:07:30 IST" duration-ms="0" status="PASS">
          <reporter-output>
          </reporter-output>
        </test-method> <!-- Teardown -->
      </class> <!-- QualityKiosksTraining.CalculatorAPI.AdditionTestCases -->
    </test> <!-- Default test -->
  </suite> <!-- Default suite -->
</testng-results>
