<?xml version="1.0" encoding="UTF-8"?>
<!-- Generated by org.testng.reporters.JUnitXMLReporter -->
<testsuite ignored="0" hostname="Amit" failures="0" tests="2" name="DivisionTestCases" time="0.015" errors="0" timestamp="2021-04-23T10:33:10 IST">
  <testcase classname="QualityKiosksTraining.CalculatorAPI.TestMultiplication" name="@BeforeSuite CreateResultFolder" time="-1.619154189861E9">
    <failure type="org.testng.TestNGException" message="
Parameter &amp;apos;RequestID&amp;apos; is required by BeforeSuite on method CreateResultFolder but has not been marked @Optional or defined
in C:\Users\Amit\eclipse-workspace\CalculatorAPI\CalculatorAPI.xml">
      <![CDATA[org.testng.TestNGException: 
Parameter 'RequestID' is required by BeforeSuite on method CreateResultFolder but has not been marked @Optional or defined
in C:\Users\Amit\eclipse-workspace\CalculatorAPI\CalculatorAPI.xml
... Removed 16 stack frames]]>
    </failure>
  </testcase> <!-- @BeforeSuite CreateResultFolder -->
  <testcase classname="QualityKiosksTraining.CalculatorAPI.TestDivisionFunctionality" name="@BeforeClass CreateObj" time="-1.619154190072E9">
    <skipped/>
  </testcase> <!-- @BeforeClass CreateObj -->
  <testcase classname="QualityKiosksTraining.CalculatorAPI.TestDivisionFunctionality" name="@BeforeMethod InitialiseRes" time="-1.619154190075E9">
    <skipped/>
  </testcase> <!-- @BeforeMethod InitialiseRes -->
  <testcase classname="QualityKiosksTraining.CalculatorAPI.TestDivisionFunctionality" name="@BeforeMethod InitialiseRes" time="-1.61915419008E9">
    <skipped/>
  </testcase> <!-- @BeforeMethod InitialiseRes -->
  <testcase classname="QualityKiosksTraining.CalculatorAPI.TestDivisionFunctionality" name="@AfterClass ReleaseObj" time="-1.619154190084E9">
    <skipped/>
  </testcase> <!-- @AfterClass ReleaseObj -->
  <testcase classname="QualityKiosksTraining.CalculatorAPI.TestDivisionFunctionality" name="TestdivisionWithPositive" time="0.0">
    <skipped/>
  </testcase> <!-- TestdivisionWithPositive -->
  <testcase classname="QualityKiosksTraining.CalculatorAPI.TestDivisionFunctionality" name="TestdivisionWithNegative" time="0.0">
    <skipped/>
  </testcase> <!-- TestdivisionWithNegative -->
</testsuite> <!-- DivisionTestCases -->
