<?xml version="1.0" encoding="UTF-8"?>
<!-- Generated by org.testng.reporters.JUnitXMLReporter -->
<testsuite ignored="2" hostname="Amit" failures="0" tests="1" name="AdditionTestCases" time="0.063" errors="0" timestamp="2021-04-23T10:33:01 IST">
  <testcase classname="QualityKiosksTraining.CalculatorAPI.AdditionTestCases" name="TestAdditionWithOnePositiveOneNegative" time="0.007"/>
  <testcase classname="QualityKiosksTraining.CalculatorAPI.AdditionTestCases" name="TestAdditionWithZeroNumbers" time="0.0">
    <ignored/>
  </testcase> <!-- TestAdditionWithZeroNumbers -->
  <testcase classname="QualityKiosksTraining.CalculatorAPI.AdditionTestCases" name="TestAdditionWithPositiveNumbers" time="0.0">
    <ignored/>
  </testcase> <!-- TestAdditionWithPositiveNumbers -->
</testsuite> <!-- AdditionTestCases -->
